mode: set
github.com/zkdpop/zkdpop-go/pkg/dpop/dpop.go:72.80,75.22 2 1
github.com/zkdpop/zkdpop-go/pkg/dpop/dpop.go:75.22,77.3 1 1
github.com/zkdpop/zkdpop-go/pkg/dpop/dpop.go:80.2,81.16 2 1
github.com/zkdpop/zkdpop-go/pkg/dpop/dpop.go:81.16,83.3 1 0
github.com/zkdpop/zkdpop-go/pkg/dpop/dpop.go:84.2,87.28 2 1
github.com/zkdpop/zkdpop-go/pkg/dpop/dpop.go:87.28,89.3 1 1
github.com/zkdpop/zkdpop-go/pkg/dpop/dpop.go:92.2,93.40 2 1
github.com/zkdpop/zkdpop-go/pkg/dpop/dpop.go:93.40,95.3 1 0
github.com/zkdpop/zkdpop-go/pkg/dpop/dpop.go:98.2,100.62 3 1
github.com/zkdpop/zkdpop-go/pkg/dpop/dpop.go:100.62,102.3 1 0
github.com/zkdpop/zkdpop-go/pkg/dpop/dpop.go:105.2,107.71 3 1
github.com/zkdpop/zkdpop-go/pkg/dpop/dpop.go:107.71,109.3 1 1
github.com/zkdpop/zkdpop-go/pkg/dpop/dpop.go:111.2,115.8 1 1
github.com/zkdpop/zkdpop-go/pkg/dpop/dpop.go:119.82,121.81 1 1
github.com/zkdpop/zkdpop-go/pkg/dpop/dpop.go:121.81,124.10 2 1
github.com/zkdpop/zkdpop-go/pkg/dpop/dpop.go:124.10,126.4 1 0
github.com/zkdpop/zkdpop-go/pkg/dpop/dpop.go:128.3,129.10 2 1
github.com/zkdpop/zkdpop-go/pkg/dpop/dpop.go:129.10,131.4 1 0
github.com/zkdpop/zkdpop-go/pkg/dpop/dpop.go:133.3,134.17 2 1
github.com/zkdpop/zkdpop-go/pkg/dpop/dpop.go:134.17,136.4 1 0
github.com/zkdpop/zkdpop-go/pkg/dpop/dpop.go:138.3,139.56 2 1
github.com/zkdpop/zkdpop-go/pkg/dpop/dpop.go:139.56,141.4 1 0
github.com/zkdpop/zkdpop-go/pkg/dpop/dpop.go:144.3,145.17 2 1
github.com/zkdpop/zkdpop-go/pkg/dpop/dpop.go:145.17,147.4 1 0
github.com/zkdpop/zkdpop-go/pkg/dpop/dpop.go:149.3,149.24 1 1
github.com/zkdpop/zkdpop-go/pkg/dpop/dpop.go:152.2,152.16 1 1
github.com/zkdpop/zkdpop-go/pkg/dpop/dpop.go:152.16,154.3 1 0
github.com/zkdpop/zkdpop-go/pkg/dpop/dpop.go:156.2,156.18 1 1
github.com/zkdpop/zkdpop-go/pkg/dpop/dpop.go:156.18,158.3 1 0
github.com/zkdpop/zkdpop-go/pkg/dpop/dpop.go:161.2,171.46 8 1
github.com/zkdpop/zkdpop-go/pkg/dpop/dpop.go:171.46,173.3 1 1
github.com/zkdpop/zkdpop-go/pkg/dpop/dpop.go:173.8,175.3 1 0
github.com/zkdpop/zkdpop-go/pkg/dpop/dpop.go:177.2,177.46 1 1
github.com/zkdpop/zkdpop-go/pkg/dpop/dpop.go:177.46,179.3 1 1
github.com/zkdpop/zkdpop-go/pkg/dpop/dpop.go:179.8,181.3 1 0
github.com/zkdpop/zkdpop-go/pkg/dpop/dpop.go:183.2,183.47 1 1
github.com/zkdpop/zkdpop-go/pkg/dpop/dpop.go:183.47,185.3 1 1
github.com/zkdpop/zkdpop-go/pkg/dpop/dpop.go:185.8,187.3 1 0
github.com/zkdpop/zkdpop-go/pkg/dpop/dpop.go:189.2,189.46 1 1
github.com/zkdpop/zkdpop-go/pkg/dpop/dpop.go:189.46,191.3 1 1
github.com/zkdpop/zkdpop-go/pkg/dpop/dpop.go:191.8,193.3 1 0
github.com/zkdpop/zkdpop-go/pkg/dpop/dpop.go:195.2,195.33 1 1
github.com/zkdpop/zkdpop-go/pkg/dpop/dpop.go:199.44,203.17 2 1
github.com/zkdpop/zkdpop-go/pkg/dpop/dpop.go:204.12,208.25 4 1
github.com/zkdpop/zkdpop-go/pkg/dpop/dpop.go:209.13,212.25 3 0
github.com/zkdpop/zkdpop-go/pkg/dpop/dpop.go:213.10,215.20 1 1
github.com/zkdpop/zkdpop-go/pkg/dpop/dpop.go:215.20,217.4 1 1
github.com/zkdpop/zkdpop-go/pkg/dpop/dpop.go:218.3,218.20 1 1
github.com/zkdpop/zkdpop-go/pkg/dpop/dpop.go:218.20,220.4 1 0
github.com/zkdpop/zkdpop-go/pkg/dpop/dpop.go:221.3,221.18 1 1
github.com/zkdpop/zkdpop-go/pkg/dpop/dpop.go:221.18,223.4 1 1
github.com/zkdpop/zkdpop-go/pkg/dpop/dpop.go:224.3,224.18 1 1
github.com/zkdpop/zkdpop-go/pkg/dpop/dpop.go:224.18,226.4 1 0
github.com/zkdpop/zkdpop-go/pkg/dpop/dpop.go:227.3,227.18 1 1
github.com/zkdpop/zkdpop-go/pkg/dpop/dpop.go:227.18,229.4 1 0
github.com/zkdpop/zkdpop-go/pkg/dpop/dpop.go:230.3,230.18 1 1
github.com/zkdpop/zkdpop-go/pkg/dpop/dpop.go:230.18,232.4 1 0
github.com/zkdpop/zkdpop-go/pkg/dpop/dpop.go:236.2,237.16 2 1
github.com/zkdpop/zkdpop-go/pkg/dpop/dpop.go:237.16,240.3 1 0
github.com/zkdpop/zkdpop-go/pkg/dpop/dpop.go:243.2,246.54 2 1
github.com/zkdpop/zkdpop-go/pkg/dpop/dpop.go:250.58,252.18 2 1
github.com/zkdpop/zkdpop-go/pkg/dpop/dpop.go:252.18,253.23 1 1
github.com/zkdpop/zkdpop-go/pkg/dpop/dpop.go:253.23,255.4 1 1
github.com/zkdpop/zkdpop-go/pkg/dpop/dpop.go:255.9,257.4 1 1
github.com/zkdpop/zkdpop-go/pkg/dpop/dpop.go:260.2,261.20 2 1
github.com/zkdpop/zkdpop-go/pkg/dpop/dpop.go:261.20,263.3 1 1
github.com/zkdpop/zkdpop-go/pkg/dpop/dpop.go:265.2,265.67 1 1
github.com/zkdpop/zkdpop-go/pkg/dpop/dpop.go:269.40,274.32 3 1
github.com/zkdpop/zkdpop-go/pkg/dpop/dpop.go:274.32,276.3 1 1
github.com/zkdpop/zkdpop-go/pkg/dpop/dpop.go:279.2,282.29 1 1
github.com/zkdpop/zkdpop-go/pkg/dpop/jwk.go:13.52,14.17 1 1
github.com/zkdpop/zkdpop-go/pkg/dpop/jwk.go:15.12,16.31 1 1
github.com/zkdpop/zkdpop-go/pkg/dpop/jwk.go:17.13,18.32 1 1
github.com/zkdpop/zkdpop-go/pkg/dpop/jwk.go:19.10,20.62 1 0
github.com/zkdpop/zkdpop-go/pkg/dpop/jwk.go:25.59,28.17 2 1
github.com/zkdpop/zkdpop-go/pkg/dpop/jwk.go:29.15,30.26 1 1
github.com/zkdpop/zkdpop-go/pkg/dpop/jwk.go:31.15,32.26 1 0
github.com/zkdpop/zkdpop-go/pkg/dpop/jwk.go:33.15,34.26 1 0
github.com/zkdpop/zkdpop-go/pkg/dpop/jwk.go:35.19,38.72 1 0
github.com/zkdpop/zkdpop-go/pkg/dpop/jwk.go:39.10,40.59 1 0
github.com/zkdpop/zkdpop-go/pkg/dpop/jwk.go:44.2,45.16 2 1
github.com/zkdpop/zkdpop-go/pkg/dpop/jwk.go:45.16,47.3 1 0
github.com/zkdpop/zkdpop-go/pkg/dpop/jwk.go:49.2,50.16 2 1
github.com/zkdpop/zkdpop-go/pkg/dpop/jwk.go:50.16,52.3 1 0
github.com/zkdpop/zkdpop-go/pkg/dpop/jwk.go:55.2,59.28 3 1
github.com/zkdpop/zkdpop-go/pkg/dpop/jwk.go:59.28,61.3 1 0
github.com/zkdpop/zkdpop-go/pkg/dpop/jwk.go:63.2,67.8 1 1
github.com/zkdpop/zkdpop-go/pkg/dpop/jwk.go:71.58,74.16 2 1
github.com/zkdpop/zkdpop-go/pkg/dpop/jwk.go:74.16,76.3 1 0
github.com/zkdpop/zkdpop-go/pkg/dpop/jwk.go:79.2,80.16 2 1
github.com/zkdpop/zkdpop-go/pkg/dpop/jwk.go:80.16,82.3 1 0
github.com/zkdpop/zkdpop-go/pkg/dpop/jwk.go:85.2,89.52 3 1
github.com/zkdpop/zkdpop-go/pkg/dpop/jwk.go:89.52,91.3 1 0
github.com/zkdpop/zkdpop-go/pkg/dpop/jwk.go:93.2,96.8 1 1
github.com/zkdpop/zkdpop-go/pkg/dpop/jwk.go:100.58,101.33 1 1
github.com/zkdpop/zkdpop-go/pkg/dpop/jwk.go:102.24,103.31 1 1
github.com/zkdpop/zkdpop-go/pkg/dpop/jwk.go:104.22,105.32 1 1
github.com/zkdpop/zkdpop-go/pkg/dpop/jwk.go:106.10,107.64 1 0
github.com/zkdpop/zkdpop-go/pkg/dpop/jwk.go:112.59,116.19 3 1
github.com/zkdpop/zkdpop-go/pkg/dpop/jwk.go:117.23,119.15 2 1
github.com/zkdpop/zkdpop-go/pkg/dpop/jwk.go:120.23,122.15 2 0
github.com/zkdpop/zkdpop-go/pkg/dpop/jwk.go:123.23,125.15 2 0
github.com/zkdpop/zkdpop-go/pkg/dpop/jwk.go:126.10,127.46 1 0
github.com/zkdpop/zkdpop-go/pkg/dpop/jwk.go:131.2,135.27 3 1
github.com/zkdpop/zkdpop-go/pkg/dpop/jwk.go:135.27,139.3 3 0
github.com/zkdpop/zkdpop-go/pkg/dpop/jwk.go:141.2,141.27 1 1
github.com/zkdpop/zkdpop-go/pkg/dpop/jwk.go:141.27,145.3 3 0
github.com/zkdpop/zkdpop-go/pkg/dpop/jwk.go:147.2,153.8 1 1
github.com/zkdpop/zkdpop-go/pkg/dpop/jwk.go:157.58,171.2 4 1
github.com/zkdpop/zkdpop-go/pkg/dpop/replay.go:18.69,28.2 3 1
github.com/zkdpop/zkdpop-go/pkg/dpop/replay.go:31.82,39.41 4 1
github.com/zkdpop/zkdpop-go/pkg/dpop/replay.go:39.41,41.3 1 1
github.com/zkdpop/zkdpop-go/pkg/dpop/replay.go:44.2,45.14 2 1
github.com/zkdpop/zkdpop-go/pkg/dpop/replay.go:49.41,54.37 4 1
github.com/zkdpop/zkdpop-go/pkg/dpop/replay.go:54.37,55.20 1 1
github.com/zkdpop/zkdpop-go/pkg/dpop/replay.go:55.20,57.4 1 1
github.com/zkdpop/zkdpop-go/pkg/dpop/replay.go:62.45,66.21 3 1
github.com/zkdpop/zkdpop-go/pkg/dpop/replay.go:66.21,68.3 1 0
github.com/zkdpop/zkdpop-go/pkg/dpop/replay.go:72.42,76.2 3 1
github.com/zkdpop/zkdpop-go/pkg/dpop/replay.go:83.44,85.2 1 1
github.com/zkdpop/zkdpop-go/pkg/dpop/replay.go:88.78,90.2 1 1
github.com/zkdpop/zkdpop-go/pkg/dpop/replay.go:93.38,95.2 0 1
github.com/zkdpop/zkdpop-go/pkg/dpop/replay.go:111.83,116.2 1 0
github.com/zkdpop/zkdpop-go/pkg/dpop/replay.go:119.79,125.16 3 0
github.com/zkdpop/zkdpop-go/pkg/dpop/replay.go:125.16,128.3 1 0
github.com/zkdpop/zkdpop-go/pkg/dpop/replay.go:131.2,131.16 1 0
github.com/zkdpop/zkdpop-go/pkg/dpop/replay.go:135.39,137.2 0 0
github.com/zkdpop/zkdpop-go/pkg/crypto/schnorr/schnorr.go:31.86,34.16 2 1
github.com/zkdpop/zkdpop-go/pkg/crypto/schnorr/schnorr.go:34.16,36.3 1 0
github.com/zkdpop/zkdpop-go/pkg/crypto/schnorr/schnorr.go:38.2,39.16 2 1
github.com/zkdpop/zkdpop-go/pkg/crypto/schnorr/schnorr.go:39.16,41.3 1 0
github.com/zkdpop/zkdpop-go/pkg/crypto/schnorr/schnorr.go:43.2,44.16 2 1
github.com/zkdpop/zkdpop-go/pkg/crypto/schnorr/schnorr.go:44.16,46.3 1 0
github.com/zkdpop/zkdpop-go/pkg/crypto/schnorr/schnorr.go:48.2,49.16 2 1
github.com/zkdpop/zkdpop-go/pkg/crypto/schnorr/schnorr.go:49.16,51.3 1 0
github.com/zkdpop/zkdpop-go/pkg/crypto/schnorr/schnorr.go:54.2,54.46 1 1
github.com/zkdpop/zkdpop-go/pkg/crypto/schnorr/schnorr.go:54.46,56.3 1 0
github.com/zkdpop/zkdpop-go/pkg/crypto/schnorr/schnorr.go:58.2,58.46 1 1
github.com/zkdpop/zkdpop-go/pkg/crypto/schnorr/schnorr.go:58.46,60.3 1 0
github.com/zkdpop/zkdpop-go/pkg/crypto/schnorr/schnorr.go:63.2,64.17 2 1
github.com/zkdpop/zkdpop-go/pkg/crypto/schnorr/schnorr.go:64.17,66.3 1 0
github.com/zkdpop/zkdpop-go/pkg/crypto/schnorr/schnorr.go:69.2,70.16 2 1
github.com/zkdpop/zkdpop-go/pkg/crypto/schnorr/schnorr.go:70.16,72.3 1 0
github.com/zkdpop/zkdpop-go/pkg/crypto/schnorr/schnorr.go:74.2,75.18 2 1
github.com/zkdpop/zkdpop-go/pkg/crypto/schnorr/schnorr.go:75.18,77.3 1 0
github.com/zkdpop/zkdpop-go/pkg/crypto/schnorr/schnorr.go:80.2,85.8 2 1
github.com/zkdpop/zkdpop-go/pkg/crypto/schnorr/schnorr.go:90.79,106.2 9 1
github.com/zkdpop/zkdpop-go/pkg/crypto/schnorr/schnorr.go:110.88,120.2 8 1
github.com/zkdpop/zkdpop-go/pkg/crypto/schnorr/schnorr.go:124.155,130.16 3 1
github.com/zkdpop/zkdpop-go/pkg/crypto/schnorr/schnorr.go:130.16,132.3 1 0
github.com/zkdpop/zkdpop-go/pkg/crypto/schnorr/schnorr.go:135.2,136.16 2 1
github.com/zkdpop/zkdpop-go/pkg/crypto/schnorr/schnorr.go:136.16,138.3 1 0
github.com/zkdpop/zkdpop-go/pkg/crypto/schnorr/schnorr.go:141.2,143.20 2 1
github.com/zkdpop/zkdpop-go/pkg/crypto/schnorr/schnorr.go:147.60,151.29 3 1
github.com/zkdpop/zkdpop-go/pkg/crypto/schnorr/schnorr.go:151.29,155.3 3 0
github.com/zkdpop/zkdpop-go/pkg/crypto/schnorr/schnorr.go:157.2,157.14 1 1
github.com/zkdpop/zkdpop-go/pkg/crypto/schnorr/schnorr.go:163.80,166.16 2 1
github.com/zkdpop/zkdpop-go/pkg/crypto/schnorr/schnorr.go:166.16,168.3 1 0
github.com/zkdpop/zkdpop-go/pkg/crypto/schnorr/schnorr.go:171.2,172.19 2 1
github.com/zkdpop/zkdpop-go/pkg/crypto/schnorr/schnorr.go:172.19,174.3 1 0
github.com/zkdpop/zkdpop-go/pkg/crypto/schnorr/schnorr.go:176.2,177.18 2 1
github.com/zkdpop/zkdpop-go/pkg/crypto/schnorr/schnorr.go:182.83,193.2 5 1
github.com/zkdpop/zkdpop-go/pkg/crypto/curve/secp256k1.go:16.41,17.20 1 1
github.com/zkdpop/zkdpop-go/pkg/crypto/curve/secp256k1.go:17.20,19.3 1 0
github.com/zkdpop/zkdpop-go/pkg/crypto/curve/secp256k1.go:20.2,20.38 1 1
github.com/zkdpop/zkdpop-go/pkg/crypto/curve/secp256k1.go:24.50,26.9 2 1
github.com/zkdpop/zkdpop-go/pkg/crypto/curve/secp256k1.go:26.9,28.3 1 0
github.com/zkdpop/zkdpop-go/pkg/crypto/curve/secp256k1.go:29.2,29.46 1 1
github.com/zkdpop/zkdpop-go/pkg/crypto/curve/secp256k1.go:29.46,31.3 1 0
github.com/zkdpop/zkdpop-go/pkg/crypto/curve/secp256k1.go:32.2,32.46 1 1
github.com/zkdpop/zkdpop-go/pkg/crypto/curve/secp256k1.go:32.46,34.3 1 0
github.com/zkdpop/zkdpop-go/pkg/crypto/curve/secp256k1.go:35.2,35.41 1 1
github.com/zkdpop/zkdpop-go/pkg/crypto/curve/secp256k1.go:39.44,43.2 1 1
github.com/zkdpop/zkdpop-go/pkg/crypto/curve/secp256k1.go:51.42,52.21 1 1
github.com/zkdpop/zkdpop-go/pkg/crypto/curve/secp256k1.go:52.21,54.3 1 0
github.com/zkdpop/zkdpop-go/pkg/crypto/curve/secp256k1.go:55.2,57.21 2 1
github.com/zkdpop/zkdpop-go/pkg/crypto/curve/secp256k1.go:57.21,61.3 3 1
github.com/zkdpop/zkdpop-go/pkg/crypto/curve/secp256k1.go:62.2,62.14 1 1
github.com/zkdpop/zkdpop-go/pkg/crypto/curve/secp256k1.go:66.45,68.2 1 1
github.com/zkdpop/zkdpop-go/pkg/crypto/curve/secp256k1.go:74.27,76.2 1 1
github.com/zkdpop/zkdpop-go/pkg/crypto/curve/secp256k1.go:79.40,81.2 1 1
github.com/zkdpop/zkdpop-go/pkg/crypto/curve/secp256k1.go:84.62,85.17 1 1
github.com/zkdpop/zkdpop-go/pkg/crypto/curve/secp256k1.go:85.17,87.3 1 0
github.com/zkdpop/zkdpop-go/pkg/crypto/curve/secp256k1.go:89.2,90.16 2 1
github.com/zkdpop/zkdpop-go/pkg/crypto/curve/secp256k1.go:90.16,92.3 1 1
github.com/zkdpop/zkdpop-go/pkg/crypto/curve/secp256k1.go:94.2,97.47 2 1
github.com/zkdpop/zkdpop-go/pkg/crypto/curve/secp256k1.go:97.47,99.3 1 0
github.com/zkdpop/zkdpop-go/pkg/crypto/curve/secp256k1.go:101.2,101.19 1 1
github.com/zkdpop/zkdpop-go/pkg/crypto/curve/secp256k1.go:105.64,106.18 1 1
github.com/zkdpop/zkdpop-go/pkg/crypto/curve/secp256k1.go:106.18,108.3 1 0
github.com/zkdpop/zkdpop-go/pkg/crypto/curve/secp256k1.go:110.2,113.54 2 1
github.com/zkdpop/zkdpop-go/pkg/crypto/curve/secp256k1.go:113.54,115.3 1 0
github.com/zkdpop/zkdpop-go/pkg/crypto/curve/secp256k1.go:117.2,117.46 1 1
github.com/zkdpop/zkdpop-go/pkg/crypto/curve/secp256k1.go:121.57,123.9 2 1
github.com/zkdpop/zkdpop-go/pkg/crypto/curve/secp256k1.go:123.9,125.3 1 0
github.com/zkdpop/zkdpop-go/pkg/crypto/curve/secp256k1.go:128.2,131.39 3 1
github.com/zkdpop/zkdpop-go/pkg/crypto/curve/secp256k1.go:135.62,137.9 2 1
github.com/zkdpop/zkdpop-go/pkg/crypto/curve/secp256k1.go:137.9,139.3 1 0
github.com/zkdpop/zkdpop-go/pkg/crypto/curve/secp256k1.go:140.2,141.9 2 1
github.com/zkdpop/zkdpop-go/pkg/crypto/curve/secp256k1.go:141.9,143.3 1 0
github.com/zkdpop/zkdpop-go/pkg/crypto/curve/secp256k1.go:146.2,153.16 4 1
github.com/zkdpop/zkdpop-go/pkg/crypto/curve/secp256k1.go:153.16,155.3 1 0
github.com/zkdpop/zkdpop-go/pkg/crypto/curve/secp256k1.go:156.2,156.39 1 1
github.com/zkdpop/zkdpop-go/pkg/crypto/curve/secp256k1.go:160.48,162.9 2 1
github.com/zkdpop/zkdpop-go/pkg/crypto/curve/secp256k1.go:162.9,164.3 1 0
github.com/zkdpop/zkdpop-go/pkg/crypto/curve/secp256k1.go:165.2,166.9 2 1
github.com/zkdpop/zkdpop-go/pkg/crypto/curve/secp256k1.go:166.9,168.3 1 0
github.com/zkdpop/zkdpop-go/pkg/crypto/curve/secp256k1.go:171.2,179.16 5 1
github.com/zkdpop/zkdpop-go/pkg/crypto/curve/secp256k1.go:179.16,181.3 1 0
github.com/zkdpop/zkdpop-go/pkg/crypto/curve/secp256k1.go:182.2,182.39 1 1
github.com/zkdpop/zkdpop-go/pkg/crypto/curve/secp256k1.go:186.43,188.2 1 1
github.com/zkdpop/zkdpop-go/pkg/crypto/curve/secp256k1.go:191.59,193.16 2 1
github.com/zkdpop/zkdpop-go/pkg/crypto/curve/secp256k1.go:193.16,195.3 1 0
github.com/zkdpop/zkdpop-go/pkg/crypto/curve/secp256k1.go:198.2,200.46 3 1
github.com/zkdpop/zkdpop-go/pkg/crypto/curve/secp256k1.go:204.55,206.9 2 1
github.com/zkdpop/zkdpop-go/pkg/crypto/curve/secp256k1.go:206.9,208.3 1 0
github.com/zkdpop/zkdpop-go/pkg/crypto/curve/secp256k1.go:210.2,210.33 1 1
github.com/zkdpop/zkdpop-go/pkg/crypto/curve/secp256k1.go:210.33,212.3 1 0
github.com/zkdpop/zkdpop-go/pkg/crypto/curve/secp256k1.go:216.2,217.74 2 1
github.com/zkdpop/zkdpop-go/pkg/crypto/curve/secp256k1.go:217.74,219.3 1 0
github.com/zkdpop/zkdpop-go/pkg/crypto/curve/secp256k1.go:223.2,223.82 1 1
github.com/zkdpop/zkdpop-go/pkg/crypto/curve/secp256k1.go:223.82,225.3 1 0
github.com/zkdpop/zkdpop-go/pkg/crypto/curve/secp256k1.go:227.2,227.12 1 1
github.com/zkdpop/zkdpop-go/pkg/middleware/middleware.go:26.83,27.46 1 1
github.com/zkdpop/zkdpop-go/pkg/middleware/middleware.go:27.46,28.72 1 1
github.com/zkdpop/zkdpop-go/pkg/middleware/middleware.go:28.72,31.18 2 1
github.com/zkdpop/zkdpop-go/pkg/middleware/middleware.go:31.18,34.5 2 1
github.com/zkdpop/zkdpop-go/pkg/middleware/middleware.go:37.4,40.24 3 1
github.com/zkdpop/zkdpop-go/pkg/middleware/middleware.go:46.97,49.46 2 1
github.com/zkdpop/zkdpop-go/pkg/middleware/middleware.go:49.46,50.72 1 1
github.com/zkdpop/zkdpop-go/pkg/middleware/middleware.go:50.72,53.24 2 1
github.com/zkdpop/zkdpop-go/pkg/middleware/middleware.go:53.24,56.5 2 1
github.com/zkdpop/zkdpop-go/pkg/middleware/middleware.go:59.4,60.52 2 1
github.com/zkdpop/zkdpop-go/pkg/middleware/middleware.go:60.52,63.5 2 1
github.com/zkdpop/zkdpop-go/pkg/middleware/middleware.go:65.4,69.18 3 1
github.com/zkdpop/zkdpop-go/pkg/middleware/middleware.go:69.18,72.5 2 1
github.com/zkdpop/zkdpop-go/pkg/middleware/middleware.go:75.4,78.24 3 1
github.com/zkdpop/zkdpop-go/pkg/middleware/middleware.go:84.64,85.46 1 1
github.com/zkdpop/zkdpop-go/pkg/middleware/middleware.go:85.46,86.72 1 1
github.com/zkdpop/zkdpop-go/pkg/middleware/middleware.go:86.72,89.11 2 1
github.com/zkdpop/zkdpop-go/pkg/middleware/middleware.go:89.11,92.5 2 1
github.com/zkdpop/zkdpop-go/pkg/middleware/middleware.go:95.4,96.11 2 1
github.com/zkdpop/zkdpop-go/pkg/middleware/middleware.go:96.11,99.5 2 1
github.com/zkdpop/zkdpop-go/pkg/middleware/middleware.go:102.4,102.49 1 1
github.com/zkdpop/zkdpop-go/pkg/middleware/middleware.go:102.49,105.5 2 1
github.com/zkdpop/zkdpop-go/pkg/middleware/middleware.go:107.4,107.40 1 1
github.com/zkdpop/zkdpop-go/pkg/middleware/middleware.go:107.40,110.5 2 1
github.com/zkdpop/zkdpop-go/pkg/middleware/middleware.go:112.4,112.24 1 1
github.com/zkdpop/zkdpop-go/pkg/middleware/middleware.go:118.132,123.46 4 1
github.com/zkdpop/zkdpop-go/pkg/middleware/middleware.go:123.46,125.3 1 0
github.com/zkdpop/zkdpop-go/pkg/middleware/middleware.go:129.62,132.2 2 1
github.com/zkdpop/zkdpop-go/pkg/middleware/middleware.go:135.56,138.2 2 1
github.com/zkdpop/zkdpop-go/pkg/middleware/middleware.go:141.77,142.46 1 1
github.com/zkdpop/zkdpop-go/pkg/middleware/middleware.go:142.46,143.72 1 1
github.com/zkdpop/zkdpop-go/pkg/middleware/middleware.go:143.72,145.11 2 1
github.com/zkdpop/zkdpop-go/pkg/middleware/middleware.go:145.11,148.5 2 0
github.com/zkdpop/zkdpop-go/pkg/middleware/middleware.go:150.4,150.24 1 1
github.com/zkdpop/zkdpop-go/pkg/middleware/middleware.go:150.24,153.5 2 1
github.com/zkdpop/zkdpop-go/pkg/middleware/middleware.go:155.4,155.42 1 1
github.com/zkdpop/zkdpop-go/pkg/middleware/middleware.go:155.42,158.5 2 1
github.com/zkdpop/zkdpop-go/pkg/middleware/middleware.go:160.4,160.24 1 1
github.com/zkdpop/zkdpop-go/pkg/middleware/middleware.go:166.73,167.46 1 1
github.com/zkdpop/zkdpop-go/pkg/middleware/middleware.go:167.46,168.72 1 1
github.com/zkdpop/zkdpop-go/pkg/middleware/middleware.go:168.72,170.11 2 1
github.com/zkdpop/zkdpop-go/pkg/middleware/middleware.go:170.11,173.5 2 0
github.com/zkdpop/zkdpop-go/pkg/middleware/middleware.go:175.4,175.24 1 1
github.com/zkdpop/zkdpop-go/pkg/middleware/middleware.go:175.24,178.5 2 0
github.com/zkdpop/zkdpop-go/pkg/middleware/middleware.go:180.4,180.40 1 1
github.com/zkdpop/zkdpop-go/pkg/middleware/middleware.go:180.40,183.5 2 1
github.com/zkdpop/zkdpop-go/pkg/middleware/middleware.go:185.4,185.24 1 1
github.com/zkdpop/zkdpop-go/pkg/middleware/middleware.go:191.43,192.71 1 1
github.com/zkdpop/zkdpop-go/pkg/middleware/middleware.go:192.71,197.28 4 1
github.com/zkdpop/zkdpop-go/pkg/middleware/middleware.go:197.28,200.4 2 1
github.com/zkdpop/zkdpop-go/pkg/middleware/middleware.go:202.3,202.23 1 1
github.com/zkdpop/zkdpop-go/pkg/middleware/middleware.go:207.48,208.71 1 1
github.com/zkdpop/zkdpop-go/pkg/middleware/middleware.go:208.71,210.22 2 1
github.com/zkdpop/zkdpop-go/pkg/middleware/middleware.go:210.22,213.4 1 1
github.com/zkdpop/zkdpop-go/pkg/middleware/middleware.go:215.3,220.23 4 1
github.com/zkdpop/zkdpop-go/pkg/middleware/middleware.go:225.47,226.71 1 1
github.com/zkdpop/zkdpop-go/pkg/middleware/middleware.go:226.71,227.16 1 1
github.com/zkdpop/zkdpop-go/pkg/middleware/middleware.go:227.16,228.36 1 1
github.com/zkdpop/zkdpop-go/pkg/middleware/middleware.go:228.36,230.5 1 1
github.com/zkdpop/zkdpop-go/pkg/middleware/middleware.go:233.3,233.23 1 1
github.com/zkdpop/zkdpop-go/pkg/jwt/jwt.go:71.95,74.16 2 1
github.com/zkdpop/zkdpop-go/pkg/jwt/jwt.go:74.16,76.3 1 0
github.com/zkdpop/zkdpop-go/pkg/jwt/jwt.go:78.2,78.59 1 1
github.com/zkdpop/zkdpop-go/pkg/jwt/jwt.go:78.59,80.3 1 0
github.com/zkdpop/zkdpop-go/pkg/jwt/jwt.go:82.2,82.65 1 1
github.com/zkdpop/zkdpop-go/pkg/jwt/jwt.go:82.65,84.3 1 0
github.com/zkdpop/zkdpop-go/pkg/jwt/jwt.go:86.2,86.62 1 1
github.com/zkdpop/zkdpop-go/pkg/jwt/jwt.go:86.62,88.3 1 0
github.com/zkdpop/zkdpop-go/pkg/jwt/jwt.go:90.2,98.8 3 1
github.com/zkdpop/zkdpop-go/pkg/jwt/jwt.go:102.75,111.16 4 1
github.com/zkdpop/zkdpop-go/pkg/jwt/jwt.go:111.16,113.3 1 0
github.com/zkdpop/zkdpop-go/pkg/jwt/jwt.go:115.2,115.25 1 1
github.com/zkdpop/zkdpop-go/pkg/jwt/jwt.go:119.38,121.2 1 1
github.com/zkdpop/zkdpop-go/pkg/jwt/jwt.go:124.42,126.2 1 1
github.com/zkdpop/zkdpop-go/pkg/jwt/jwt.go:134.54,138.2 1 1
github.com/zkdpop/zkdpop-go/pkg/jwt/jwt.go:141.92,142.83 1 1
github.com/zkdpop/zkdpop-go/pkg/jwt/jwt.go:142.83,144.59 1 1
github.com/zkdpop/zkdpop-go/pkg/jwt/jwt.go:144.59,146.4 1 0
github.com/zkdpop/zkdpop-go/pkg/jwt/jwt.go:149.3,150.10 2 1
github.com/zkdpop/zkdpop-go/pkg/jwt/jwt.go:150.10,152.4 1 0
github.com/zkdpop/zkdpop-go/pkg/jwt/jwt.go:155.3,156.10 2 1
github.com/zkdpop/zkdpop-go/pkg/jwt/jwt.go:156.10,158.4 1 0
github.com/zkdpop/zkdpop-go/pkg/jwt/jwt.go:161.3,162.45 2 1
github.com/zkdpop/zkdpop-go/pkg/jwt/jwt.go:162.45,164.4 1 0
github.com/zkdpop/zkdpop-go/pkg/jwt/jwt.go:166.3,166.24 1 1
github.com/zkdpop/zkdpop-go/pkg/jwt/jwt.go:169.2,169.16 1 1
github.com/zkdpop/zkdpop-go/pkg/jwt/jwt.go:169.16,171.3 1 1
github.com/zkdpop/zkdpop-go/pkg/jwt/jwt.go:173.2,173.18 1 1
github.com/zkdpop/zkdpop-go/pkg/jwt/jwt.go:173.18,175.3 1 0
github.com/zkdpop/zkdpop-go/pkg/jwt/jwt.go:178.2,181.46 2 1
github.com/zkdpop/zkdpop-go/pkg/jwt/jwt.go:181.46,182.30 1 1
github.com/zkdpop/zkdpop-go/pkg/jwt/jwt.go:182.30,184.4 1 1
github.com/zkdpop/zkdpop-go/pkg/jwt/jwt.go:185.8,187.3 1 1
github.com/zkdpop/zkdpop-go/pkg/jwt/jwt.go:190.2,191.16 2 1
github.com/zkdpop/zkdpop-go/pkg/jwt/jwt.go:191.16,193.3 1 0
github.com/zkdpop/zkdpop-go/pkg/jwt/jwt.go:195.2,195.20 1 1
github.com/zkdpop/zkdpop-go/pkg/jwt/jwt.go:199.122,200.83 1 0
github.com/zkdpop/zkdpop-go/pkg/jwt/jwt.go:200.83,202.59 1 0
github.com/zkdpop/zkdpop-go/pkg/jwt/jwt.go:202.59,204.4 1 0
github.com/zkdpop/zkdpop-go/pkg/jwt/jwt.go:206.3,206.24 1 0
github.com/zkdpop/zkdpop-go/pkg/jwt/jwt.go:209.2,209.16 1 0
github.com/zkdpop/zkdpop-go/pkg/jwt/jwt.go:209.16,211.3 1 0
github.com/zkdpop/zkdpop-go/pkg/jwt/jwt.go:213.2,213.18 1 0
github.com/zkdpop/zkdpop-go/pkg/jwt/jwt.go:213.18,215.3 1 0
github.com/zkdpop/zkdpop-go/pkg/jwt/jwt.go:218.2,221.46 2 0
github.com/zkdpop/zkdpop-go/pkg/jwt/jwt.go:221.46,222.30 1 0
github.com/zkdpop/zkdpop-go/pkg/jwt/jwt.go:222.30,224.4 1 0
github.com/zkdpop/zkdpop-go/pkg/jwt/jwt.go:225.8,227.3 1 0
github.com/zkdpop/zkdpop-go/pkg/jwt/jwt.go:230.2,231.16 2 0
github.com/zkdpop/zkdpop-go/pkg/jwt/jwt.go:231.16,233.3 1 0
github.com/zkdpop/zkdpop-go/pkg/jwt/jwt.go:235.2,235.20 1 0
github.com/zkdpop/zkdpop-go/pkg/jwt/jwt.go:239.63,245.46 2 1
github.com/zkdpop/zkdpop-go/pkg/jwt/jwt.go:245.46,247.3 1 1
github.com/zkdpop/zkdpop-go/pkg/jwt/jwt.go:249.2,249.46 1 1
github.com/zkdpop/zkdpop-go/pkg/jwt/jwt.go:249.46,251.3 1 1
github.com/zkdpop/zkdpop-go/pkg/jwt/jwt.go:253.2,253.46 1 1
github.com/zkdpop/zkdpop-go/pkg/jwt/jwt.go:253.46,255.3 1 1
github.com/zkdpop/zkdpop-go/pkg/jwt/jwt.go:257.2,257.47 1 1
github.com/zkdpop/zkdpop-go/pkg/jwt/jwt.go:257.47,259.3 1 1
github.com/zkdpop/zkdpop-go/pkg/jwt/jwt.go:261.2,261.47 1 1
github.com/zkdpop/zkdpop-go/pkg/jwt/jwt.go:261.47,263.3 1 1
github.com/zkdpop/zkdpop-go/pkg/jwt/jwt.go:266.2,266.65 1 1
github.com/zkdpop/zkdpop-go/pkg/jwt/jwt.go:266.65,268.44 2 1
github.com/zkdpop/zkdpop-go/pkg/jwt/jwt.go:268.44,270.4 1 1
github.com/zkdpop/zkdpop-go/pkg/jwt/jwt.go:274.2,274.63 1 1
github.com/zkdpop/zkdpop-go/pkg/jwt/jwt.go:274.63,276.49 2 1
github.com/zkdpop/zkdpop-go/pkg/jwt/jwt.go:276.49,278.4 1 1
github.com/zkdpop/zkdpop-go/pkg/jwt/jwt.go:279.3,279.43 1 1
github.com/zkdpop/zkdpop-go/pkg/jwt/jwt.go:279.43,281.4 1 1
github.com/zkdpop/zkdpop-go/pkg/jwt/jwt.go:282.3,282.48 1 1
github.com/zkdpop/zkdpop-go/pkg/jwt/jwt.go:282.48,284.4 1 1
github.com/zkdpop/zkdpop-go/pkg/jwt/jwt.go:285.3,285.39 1 1
github.com/zkdpop/zkdpop-go/pkg/jwt/jwt.go:285.39,287.4 1 1
github.com/zkdpop/zkdpop-go/pkg/jwt/jwt.go:288.3,288.41 1 1
github.com/zkdpop/zkdpop-go/pkg/jwt/jwt.go:288.41,290.4 1 1
github.com/zkdpop/zkdpop-go/pkg/jwt/jwt.go:294.2,294.30 1 1
github.com/zkdpop/zkdpop-go/pkg/jwt/jwt.go:294.30,295.100 1 1
github.com/zkdpop/zkdpop-go/pkg/jwt/jwt.go:295.100,297.4 1 1
github.com/zkdpop/zkdpop-go/pkg/jwt/jwt.go:300.2,300.20 1 1
github.com/zkdpop/zkdpop-go/pkg/jwt/jwt.go:312.19,337.2 4 1
github.com/zkdpop/zkdpop-go/pkg/jwt/jwt.go:340.65,349.2 6 1
github.com/zkdpop/zkdpop-go/pkg/jwt/keys.go:17.56,19.16 2 1
github.com/zkdpop/zkdpop-go/pkg/jwt/keys.go:19.16,21.3 1 0
github.com/zkdpop/zkdpop-go/pkg/jwt/keys.go:22.2,22.24 1 1
github.com/zkdpop/zkdpop-go/pkg/jwt/keys.go:26.60,28.16 2 1
github.com/zkdpop/zkdpop-go/pkg/jwt/keys.go:28.16,30.3 1 0
github.com/zkdpop/zkdpop-go/pkg/jwt/keys.go:31.2,31.24 1 1
github.com/zkdpop/zkdpop-go/pkg/jwt/keys.go:35.71,39.34 3 1
github.com/zkdpop/zkdpop-go/pkg/jwt/keys.go:40.25,43.17 3 1
github.com/zkdpop/zkdpop-go/pkg/jwt/keys.go:43.17,45.4 1 0
github.com/zkdpop/zkdpop-go/pkg/jwt/keys.go:46.3,46.29 1 1
github.com/zkdpop/zkdpop-go/pkg/jwt/keys.go:48.23,50.30 2 1
github.com/zkdpop/zkdpop-go/pkg/jwt/keys.go:52.10,53.68 1 1
github.com/zkdpop/zkdpop-go/pkg/jwt/keys.go:56.2,62.16 3 1
github.com/zkdpop/zkdpop-go/pkg/jwt/keys.go:62.16,64.3 1 0
github.com/zkdpop/zkdpop-go/pkg/jwt/keys.go:65.2,67.48 2 1
github.com/zkdpop/zkdpop-go/pkg/jwt/keys.go:67.48,69.3 1 0
github.com/zkdpop/zkdpop-go/pkg/jwt/keys.go:71.2,71.12 1 1
github.com/zkdpop/zkdpop-go/pkg/jwt/keys.go:75.62,77.16 2 1
github.com/zkdpop/zkdpop-go/pkg/jwt/keys.go:77.16,79.3 1 1
github.com/zkdpop/zkdpop-go/pkg/jwt/keys.go:81.2,82.18 2 1
github.com/zkdpop/zkdpop-go/pkg/jwt/keys.go:82.18,84.3 1 0
github.com/zkdpop/zkdpop-go/pkg/jwt/keys.go:86.2,86.20 1 1
github.com/zkdpop/zkdpop-go/pkg/jwt/keys.go:87.24,88.45 1 1
github.com/zkdpop/zkdpop-go/pkg/jwt/keys.go:89.25,90.48 1 1
github.com/zkdpop/zkdpop-go/pkg/jwt/keys.go:91.21,92.48 1 0
github.com/zkdpop/zkdpop-go/pkg/jwt/keys.go:93.10,94.65 1 0
github.com/zkdpop/zkdpop-go/pkg/jwt/keys.go:106.62,108.16 2 1
github.com/zkdpop/zkdpop-go/pkg/jwt/keys.go:108.16,110.3 1 0
github.com/zkdpop/zkdpop-go/pkg/jwt/keys.go:112.2,112.63 1 1
github.com/zkdpop/zkdpop-go/pkg/jwt/keys.go:112.63,114.3 1 0
github.com/zkdpop/zkdpop-go/pkg/jwt/keys.go:116.2,116.12 1 1
github.com/zkdpop/zkdpop-go/pkg/jwt/keys.go:120.57,122.16 2 1
github.com/zkdpop/zkdpop-go/pkg/jwt/keys.go:122.16,124.3 1 0
github.com/zkdpop/zkdpop-go/pkg/jwt/keys.go:126.2,127.54 2 1
github.com/zkdpop/zkdpop-go/pkg/jwt/keys.go:127.54,129.3 1 1
github.com/zkdpop/zkdpop-go/pkg/jwt/keys.go:131.2,131.21 1 1
github.com/zkdpop/zkdpop-go/pkg/jwt/keys.go:135.79,138.16 2 1
github.com/zkdpop/zkdpop-go/pkg/jwt/keys.go:138.16,140.3 1 0
github.com/zkdpop/zkdpop-go/pkg/jwt/keys.go:142.2,143.9 2 1
github.com/zkdpop/zkdpop-go/pkg/jwt/keys.go:143.9,145.3 1 0
github.com/zkdpop/zkdpop-go/pkg/jwt/keys.go:148.2,149.16 2 1
github.com/zkdpop/zkdpop-go/pkg/jwt/keys.go:149.16,151.3 1 0
github.com/zkdpop/zkdpop-go/pkg/jwt/keys.go:153.2,153.64 1 1
github.com/zkdpop/zkdpop-go/pkg/jwt/keys.go:157.85,161.17 3 1
github.com/zkdpop/zkdpop-go/pkg/jwt/keys.go:162.15,163.43 1 1
github.com/zkdpop/zkdpop-go/pkg/jwt/keys.go:164.13,165.45 1 0
github.com/zkdpop/zkdpop-go/pkg/jwt/keys.go:166.10,167.57 1 1
github.com/zkdpop/zkdpop-go/pkg/jwt/keys.go:170.2,170.16 1 1
github.com/zkdpop/zkdpop-go/pkg/jwt/keys.go:170.16,172.3 1 0
github.com/zkdpop/zkdpop-go/pkg/jwt/keys.go:175.2,175.63 1 1
github.com/zkdpop/zkdpop-go/pkg/jwt/keys.go:175.63,177.3 1 0
github.com/zkdpop/zkdpop-go/pkg/jwt/keys.go:180.2,186.58 2 1
github.com/zkdpop/zkdpop-go/pkg/jwt/keys.go:186.58,188.3 1 0
github.com/zkdpop/zkdpop-go/pkg/jwt/keys.go:190.2,190.12 1 1
github.com/zkdpop/zkdpop-go/pkg/storage/memory.go:18.36,29.2 3 1
github.com/zkdpop/zkdpop-go/pkg/storage/memory.go:32.37,36.21 3 1
github.com/zkdpop/zkdpop-go/pkg/storage/memory.go:36.21,38.3 1 0
github.com/zkdpop/zkdpop-go/pkg/storage/memory.go:42.51,46.38 3 1
github.com/zkdpop/zkdpop-go/pkg/storage/memory.go:46.38,48.3 1 1
github.com/zkdpop/zkdpop-go/pkg/storage/memory.go:50.2,56.12 2 1
github.com/zkdpop/zkdpop-go/pkg/storage/memory.go:60.57,65.13 4 1
github.com/zkdpop/zkdpop-go/pkg/storage/memory.go:65.13,67.3 1 1
github.com/zkdpop/zkdpop-go/pkg/storage/memory.go:70.2,71.23 2 1
github.com/zkdpop/zkdpop-go/pkg/storage/memory.go:75.72,80.13 4 1
github.com/zkdpop/zkdpop-go/pkg/storage/memory.go:80.13,82.3 1 1
github.com/zkdpop/zkdpop-go/pkg/storage/memory.go:84.2,85.12 2 1
github.com/zkdpop/zkdpop-go/pkg/storage/memory.go:89.51,94.31 4 1
github.com/zkdpop/zkdpop-go/pkg/storage/memory.go:94.31,96.3 1 1
github.com/zkdpop/zkdpop-go/pkg/storage/memory.go:98.2,98.19 1 1
github.com/zkdpop/zkdpop-go/pkg/storage/memory.go:102.63,114.2 6 1
github.com/zkdpop/zkdpop-go/pkg/storage/memory.go:117.72,122.13 4 1
github.com/zkdpop/zkdpop-go/pkg/storage/memory.go:122.13,124.3 1 1
github.com/zkdpop/zkdpop-go/pkg/storage/memory.go:127.2,127.51 1 1
github.com/zkdpop/zkdpop-go/pkg/storage/memory.go:127.51,129.3 1 1
github.com/zkdpop/zkdpop-go/pkg/storage/memory.go:132.2,133.26 2 1
github.com/zkdpop/zkdpop-go/pkg/storage/memory.go:137.63,142.13 4 1
github.com/zkdpop/zkdpop-go/pkg/storage/memory.go:142.13,144.3 1 1
github.com/zkdpop/zkdpop-go/pkg/storage/memory.go:146.2,146.18 1 1
github.com/zkdpop/zkdpop-go/pkg/storage/memory.go:146.18,148.3 1 1
github.com/zkdpop/zkdpop-go/pkg/storage/memory.go:150.2,151.12 2 1
github.com/zkdpop/zkdpop-go/pkg/storage/memory.go:155.74,161.38 4 1
github.com/zkdpop/zkdpop-go/pkg/storage/memory.go:161.38,162.39 1 1
github.com/zkdpop/zkdpop-go/pkg/storage/memory.go:162.39,164.4 1 1
github.com/zkdpop/zkdpop-go/pkg/storage/memory.go:167.2,167.12 1 1
github.com/zkdpop/zkdpop-go/pkg/storage/memory.go:171.71,176.37 4 1
github.com/zkdpop/zkdpop-go/pkg/storage/memory.go:176.37,177.23 1 1
github.com/zkdpop/zkdpop-go/pkg/storage/memory.go:177.23,179.4 1 1
github.com/zkdpop/zkdpop-go/pkg/storage/memory.go:182.2,182.22 1 1
github.com/zkdpop/zkdpop-go/pkg/storage/memory.go:186.54,192.2 4 1
github.com/zkdpop/zkdpop-go/pkg/storage/memory.go:195.61,200.2 3 1
github.com/zkdpop/zkdpop-go/pkg/storage/memory.go:203.59,209.2 4 1
github.com/zkdpop/zkdpop-go/pkg/storage/memory.go:212.56,217.29 4 1
github.com/zkdpop/zkdpop-go/pkg/storage/memory.go:217.29,219.3 1 1
github.com/zkdpop/zkdpop-go/pkg/storage/memory.go:221.2,221.17 1 1
github.com/zkdpop/zkdpop-go/pkg/storage/memory.go:225.37,227.2 1 1
github.com/zkdpop/zkdpop-go/pkg/storage/memory.go:230.36,232.2 1 1
github.com/zkdpop/zkdpop-go/pkg/storage/memory.go:235.46,244.2 3 1
github.com/zkdpop/zkdpop-go/pkg/auth/auth.go:43.13,51.2 1 1
github.com/zkdpop/zkdpop-go/pkg/auth/auth.go:89.69,91.61 2 1
github.com/zkdpop/zkdpop-go/pkg/auth/auth.go:91.61,94.3 2 1
github.com/zkdpop/zkdpop-go/pkg/auth/auth.go:97.2,98.16 2 1
github.com/zkdpop/zkdpop-go/pkg/auth/auth.go:98.16,101.3 2 0
github.com/zkdpop/zkdpop-go/pkg/auth/auth.go:104.2,105.16 2 1
github.com/zkdpop/zkdpop-go/pkg/auth/auth.go:105.16,108.3 2 1
github.com/zkdpop/zkdpop-go/pkg/auth/auth.go:110.2,110.53 1 1
github.com/zkdpop/zkdpop-go/pkg/auth/auth.go:110.53,113.3 2 0
github.com/zkdpop/zkdpop-go/pkg/auth/auth.go:116.2,117.16 2 1
github.com/zkdpop/zkdpop-go/pkg/auth/auth.go:117.16,120.3 2 0
github.com/zkdpop/zkdpop-go/pkg/auth/auth.go:121.2,121.12 1 1
github.com/zkdpop/zkdpop-go/pkg/auth/auth.go:121.12,124.3 2 1
github.com/zkdpop/zkdpop-go/pkg/auth/auth.go:127.2,127.51 1 1
github.com/zkdpop/zkdpop-go/pkg/auth/auth.go:127.51,128.35 1 1
github.com/zkdpop/zkdpop-go/pkg/auth/auth.go:128.35,130.4 1 1
github.com/zkdpop/zkdpop-go/pkg/auth/auth.go:130.9,132.4 1 0
github.com/zkdpop/zkdpop-go/pkg/auth/auth.go:133.3,133.9 1 1
github.com/zkdpop/zkdpop-go/pkg/auth/auth.go:136.2,137.67 2 1
github.com/zkdpop/zkdpop-go/pkg/auth/auth.go:141.72,144.16 2 1
github.com/zkdpop/zkdpop-go/pkg/auth/auth.go:144.16,147.3 2 1
github.com/zkdpop/zkdpop-go/pkg/auth/auth.go:149.2,150.61 2 1
github.com/zkdpop/zkdpop-go/pkg/auth/auth.go:150.61,153.3 2 0
github.com/zkdpop/zkdpop-go/pkg/auth/auth.go:156.2,157.16 2 1
github.com/zkdpop/zkdpop-go/pkg/auth/auth.go:157.16,158.37 1 1
github.com/zkdpop/zkdpop-go/pkg/auth/auth.go:158.37,160.4 1 1
github.com/zkdpop/zkdpop-go/pkg/auth/auth.go:160.9,162.4 1 0
github.com/zkdpop/zkdpop-go/pkg/auth/auth.go:163.3,163.9 1 1
github.com/zkdpop/zkdpop-go/pkg/auth/auth.go:166.2,166.29 1 1
github.com/zkdpop/zkdpop-go/pkg/auth/auth.go:166.29,169.3 2 1
github.com/zkdpop/zkdpop-go/pkg/auth/auth.go:171.2,172.16 2 1
github.com/zkdpop/zkdpop-go/pkg/auth/auth.go:172.16,175.3 2 0
github.com/zkdpop/zkdpop-go/pkg/auth/auth.go:176.2,176.12 1 1
github.com/zkdpop/zkdpop-go/pkg/auth/auth.go:176.12,179.3 2 0
github.com/zkdpop/zkdpop-go/pkg/auth/auth.go:182.2,183.16 2 1
github.com/zkdpop/zkdpop-go/pkg/auth/auth.go:183.16,186.3 2 0
github.com/zkdpop/zkdpop-go/pkg/auth/auth.go:188.2,189.16 2 1
github.com/zkdpop/zkdpop-go/pkg/auth/auth.go:189.16,192.3 2 1
github.com/zkdpop/zkdpop-go/pkg/auth/auth.go:194.2,194.54 1 1
github.com/zkdpop/zkdpop-go/pkg/auth/auth.go:194.54,197.3 2 0
github.com/zkdpop/zkdpop-go/pkg/auth/auth.go:200.2,204.54 3 1
github.com/zkdpop/zkdpop-go/pkg/auth/auth.go:204.54,207.3 2 0
github.com/zkdpop/zkdpop-go/pkg/auth/auth.go:210.2,213.16 3 1
github.com/zkdpop/zkdpop-go/pkg/auth/auth.go:213.16,216.3 2 0
github.com/zkdpop/zkdpop-go/pkg/auth/auth.go:218.2,219.16 2 1
github.com/zkdpop/zkdpop-go/pkg/auth/auth.go:219.16,222.3 2 0
github.com/zkdpop/zkdpop-go/pkg/auth/auth.go:225.2,237.55 3 1
github.com/zkdpop/zkdpop-go/pkg/auth/auth.go:237.55,240.3 2 0
github.com/zkdpop/zkdpop-go/pkg/auth/auth.go:243.2,251.37 3 1
github.com/zkdpop/zkdpop-go/pkg/auth/auth.go:255.69,258.16 2 1
github.com/zkdpop/zkdpop-go/pkg/auth/auth.go:258.16,261.3 2 0
github.com/zkdpop/zkdpop-go/pkg/auth/auth.go:263.2,264.61 2 1
github.com/zkdpop/zkdpop-go/pkg/auth/auth.go:264.61,267.3 2 0
github.com/zkdpop/zkdpop-go/pkg/auth/auth.go:270.2,271.16 2 1
github.com/zkdpop/zkdpop-go/pkg/auth/auth.go:271.16,272.40 1 1
github.com/zkdpop/zkdpop-go/pkg/auth/auth.go:272.40,274.4 1 1
github.com/zkdpop/zkdpop-go/pkg/auth/auth.go:274.9,274.46 1 0
github.com/zkdpop/zkdpop-go/pkg/auth/auth.go:274.46,276.4 1 0
github.com/zkdpop/zkdpop-go/pkg/auth/auth.go:276.9,278.4 1 0
github.com/zkdpop/zkdpop-go/pkg/auth/auth.go:279.3,279.9 1 1
github.com/zkdpop/zkdpop-go/pkg/auth/auth.go:283.2,283.18 1 1
github.com/zkdpop/zkdpop-go/pkg/auth/auth.go:283.18,286.3 2 0
github.com/zkdpop/zkdpop-go/pkg/auth/auth.go:289.2,289.35 1 1
github.com/zkdpop/zkdpop-go/pkg/auth/auth.go:289.35,292.3 2 1
github.com/zkdpop/zkdpop-go/pkg/auth/auth.go:295.2,295.57 1 1
github.com/zkdpop/zkdpop-go/pkg/auth/auth.go:295.57,298.3 2 1
github.com/zkdpop/zkdpop-go/pkg/auth/auth.go:301.2,302.16 2 1
github.com/zkdpop/zkdpop-go/pkg/auth/auth.go:302.16,305.3 2 0
github.com/zkdpop/zkdpop-go/pkg/auth/auth.go:308.2,309.16 2 1
github.com/zkdpop/zkdpop-go/pkg/auth/auth.go:309.16,312.3 2 0
github.com/zkdpop/zkdpop-go/pkg/auth/auth.go:314.2,315.16 2 1
github.com/zkdpop/zkdpop-go/pkg/auth/auth.go:315.16,318.3 2 0
github.com/zkdpop/zkdpop-go/pkg/auth/auth.go:320.2,320.19 1 1
github.com/zkdpop/zkdpop-go/pkg/auth/auth.go:320.19,323.3 2 1
github.com/zkdpop/zkdpop-go/pkg/auth/auth.go:326.2,326.63 1 1
github.com/zkdpop/zkdpop-go/pkg/auth/auth.go:326.63,329.3 2 0
github.com/zkdpop/zkdpop-go/pkg/auth/auth.go:332.2,347.16 3 1
github.com/zkdpop/zkdpop-go/pkg/auth/auth.go:347.16,350.3 2 0
github.com/zkdpop/zkdpop-go/pkg/auth/auth.go:353.2,359.37 3 1
github.com/zkdpop/zkdpop-go/pkg/auth/auth.go:363.65,369.56 4 1
github.com/zkdpop/zkdpop-go/pkg/auth/auth.go:369.56,372.3 2 0
github.com/zkdpop/zkdpop-go/pkg/auth/auth.go:376.42,378.34 1 1
github.com/zkdpop/zkdpop-go/pkg/auth/auth.go:378.34,380.3 1 1
github.com/zkdpop/zkdpop-go/pkg/auth/auth.go:383.2,383.32 1 1
github.com/zkdpop/zkdpop-go/pkg/auth/auth.go:383.32,385.3 1 1
github.com/zkdpop/zkdpop-go/pkg/auth/auth.go:388.2,389.33 2 1
github.com/zkdpop/zkdpop-go/pkg/auth/auth.go:389.33,392.3 2 1
github.com/zkdpop/zkdpop-go/pkg/auth/auth.go:394.2,394.19 1 1
github.com/zkdpop/zkdpop-go/pkg/auth/auth.go:398.33,401.22 3 1
github.com/zkdpop/zkdpop-go/pkg/auth/auth.go:401.22,404.3 2 1
github.com/zkdpop/zkdpop-go/pkg/auth/auth.go:405.2,405.18 1 1
github.com/zkdpop/zkdpop-go/pkg/auth/auth.go:409.27,410.22 1 1
github.com/zkdpop/zkdpop-go/pkg/auth/auth.go:410.22,411.84 1 1
github.com/zkdpop/zkdpop-go/pkg/auth/auth.go:411.84,413.4 1 1
github.com/zkdpop/zkdpop-go/pkg/auth/auth.go:415.2,415.13 1 1
github.com/zkdpop/zkdpop-go/pkg/auth/auth.go:419.29,420.26 1 1
github.com/zkdpop/zkdpop-go/pkg/auth/auth.go:420.26,422.3 1 1
github.com/zkdpop/zkdpop-go/pkg/auth/auth.go:423.2,423.26 1 1
github.com/zkdpop/zkdpop-go/pkg/auth/auth.go:423.26,425.3 1 1
github.com/zkdpop/zkdpop-go/pkg/auth/auth.go:426.2,426.26 1 1
github.com/zkdpop/zkdpop-go/pkg/auth/auth.go:426.26,428.3 1 1
github.com/zkdpop/zkdpop-go/pkg/auth/auth.go:429.2,429.10 1 0
